<?xml version="1.0" encoding="UTF-8"?>
<!-- Generated by org.testng.reporters.JUnitXMLReporter -->
<testsuite ignored="0" hostname="DESKTOP-RDD6P2G" failures="0" tests="4" name="Default test" time="35.213" errors="0" timestamp="2025-03-16T16:29:32 IST">
  <testcase classname="TestNg.Myntratest" name="searchMyntra" time="23.836"/>
  <testcase classname="TestNg.Myntratest" name="men" time="2.374"/>
  <testcase classname="TestNg.Myntratest" name="searchTshirts" time="4.748"/>
  <testcase classname="TestNg.Myntratest" name="chooseProduct" time="0.178"/>
</testsuite> <!-- Default test -->
