<?xml version="1.0" encoding="UTF-8"?>
<!-- Generated by org.testng.reporters.JUnitXMLReporter -->
<testsuite ignored="0" hostname="DESKTOP-RDD6P2G" failures="0" tests="5" name="Default test" time="32.947" errors="0" timestamp="2025-03-17T11:27:39 IST">
  <testcase classname="TestNg.Myntratest" name="searchMyntra" time="15.875"/>
  <testcase classname="TestNg.Myntratest" name="men" time="4.83"/>
  <testcase classname="TestNg.Myntratest" name="searchTshirts" time="3.395"/>
  <testcase classname="TestNg.Myntratest" name="chooseProduct" time="1.287"/>
  <testcase classname="TestNg.Myntratest" name="add_to_bag" time="2.907"/>
</testsuite> <!-- Default test -->
