<?xml version="1.0" encoding="UTF-8"?>
<testng-results ignored="0" total="5" passed="5" failed="0" skipped="0">
  <reporter-output>
  </reporter-output>
  <suite started-at="2025-03-17T11:27:06 IST" name="Default suite" finished-at="2025-03-17T11:27:39 IST" duration-ms="32947">
    <groups>
    </groups>
    <test started-at="2025-03-17T11:27:06 IST" name="Default test" finished-at="2025-03-17T11:27:39 IST" duration-ms="32947">
      <class name="TestNg.Myntratest">
        <test-method is-config="true" signature="launchBrowser()[pri:0, instance:TestNg.Myntratest@6f10d5b6]" started-at="2025-03-17T11:27:06 IST" name="launchBrowser" finished-at="2025-03-17T11:27:10 IST" duration-ms="4469" status="PASS">
          <reporter-output>
          </reporter-output>
        </test-method> <!-- launchBrowser -->
        <test-method is-config="true" signature="beforemethod()[pri:0, instance:TestNg.Myntratest@6f10d5b6]" started-at="2025-03-17T11:27:10 IST" name="beforemethod" finished-at="2025-03-17T11:27:10 IST" duration-ms="1" status="PASS">
          <reporter-output>
          </reporter-output>
        </test-method> <!-- beforemethod -->
        <test-method signature="searchMyntra(java.lang.String)[pri:0, instance:TestNg.Myntratest@6f10d5b6]" started-at="2025-03-17T11:27:10 IST" name="searchMyntra" data-provider="Test" finished-at="2025-03-17T11:27:26 IST" duration-ms="15875" status="PASS">
          <params>
            <param index="0">
              <value>
                <![CDATA[Myntra]]>
              </value>
            </param>
          </params>
          <reporter-output>
          </reporter-output>
        </test-method> <!-- searchMyntra -->
        <test-method is-config="true" signature="aftermethod()[pri:0, instance:TestNg.Myntratest@6f10d5b6]" started-at="2025-03-17T11:27:26 IST" name="aftermethod" finished-at="2025-03-17T11:27:26 IST" duration-ms="3" status="PASS">
          <reporter-output>
          </reporter-output>
        </test-method> <!-- aftermethod -->
        <test-method is-config="true" signature="beforemethod()[pri:0, instance:TestNg.Myntratest@6f10d5b6]" started-at="2025-03-17T11:27:26 IST" name="beforemethod" finished-at="2025-03-17T11:27:26 IST" duration-ms="2" status="PASS">
          <reporter-output>
          </reporter-output>
        </test-method> <!-- beforemethod -->
        <test-method signature="men()[pri:1, instance:TestNg.Myntratest@6f10d5b6]" started-at="2025-03-17T11:27:26 IST" name="men" finished-at="2025-03-17T11:27:31 IST" duration-ms="4830" status="PASS">
          <reporter-output>
          </reporter-output>
        </test-method> <!-- men -->
        <test-method is-config="true" signature="aftermethod()[pri:0, instance:TestNg.Myntratest@6f10d5b6]" started-at="2025-03-17T11:27:31 IST" name="aftermethod" finished-at="2025-03-17T11:27:31 IST" duration-ms="5" status="PASS">
          <reporter-output>
          </reporter-output>
        </test-method> <!-- aftermethod -->
        <test-method is-config="true" signature="beforemethod()[pri:0, instance:TestNg.Myntratest@6f10d5b6]" started-at="2025-03-17T11:27:31 IST" name="beforemethod" finished-at="2025-03-17T11:27:31 IST" duration-ms="1" status="PASS">
          <reporter-output>
          </reporter-output>
        </test-method> <!-- beforemethod -->
        <test-method signature="searchTshirts(java.lang.String)[pri:2, instance:TestNg.Myntratest@6f10d5b6]" started-at="2025-03-17T11:27:31 IST" name="searchTshirts" data-provider="Test1" finished-at="2025-03-17T11:27:34 IST" duration-ms="3395" status="PASS">
          <params>
            <param index="0">
              <value>
                <![CDATA[T-shirts]]>
              </value>
            </param>
          </params>
          <reporter-output>
          </reporter-output>
        </test-method> <!-- searchTshirts -->
        <test-method is-config="true" signature="aftermethod()[pri:0, instance:TestNg.Myntratest@6f10d5b6]" started-at="2025-03-17T11:27:34 IST" name="aftermethod" finished-at="2025-03-17T11:27:34 IST" duration-ms="2" status="PASS">
          <reporter-output>
          </reporter-output>
        </test-method> <!-- aftermethod -->
        <test-method is-config="true" signature="beforemethod()[pri:0, instance:TestNg.Myntratest@6f10d5b6]" started-at="2025-03-17T11:27:34 IST" name="beforemethod" finished-at="2025-03-17T11:27:34 IST" duration-ms="1" status="PASS">
          <reporter-output>
          </reporter-output>
        </test-method> <!-- beforemethod -->
        <test-method signature="chooseProduct()[pri:3, instance:TestNg.Myntratest@6f10d5b6]" started-at="2025-03-17T11:27:34 IST" name="chooseProduct" finished-at="2025-03-17T11:27:36 IST" duration-ms="1287" status="PASS">
          <reporter-output>
          </reporter-output>
        </test-method> <!-- chooseProduct -->
        <test-method is-config="true" signature="aftermethod()[pri:0, instance:TestNg.Myntratest@6f10d5b6]" started-at="2025-03-17T11:27:36 IST" name="aftermethod" finished-at="2025-03-17T11:27:36 IST" duration-ms="1" status="PASS">
          <reporter-output>
          </reporter-output>
        </test-method> <!-- aftermethod -->
        <test-method is-config="true" signature="beforemethod()[pri:0, instance:TestNg.Myntratest@6f10d5b6]" started-at="2025-03-17T11:27:36 IST" name="beforemethod" finished-at="2025-03-17T11:27:36 IST" duration-ms="1" status="PASS">
          <reporter-output>
          </reporter-output>
        </test-method> <!-- beforemethod -->
        <test-method signature="add_to_bag()[pri:4, instance:TestNg.Myntratest@6f10d5b6]" started-at="2025-03-17T11:27:36 IST" name="add_to_bag" finished-at="2025-03-17T11:27:39 IST" duration-ms="2907" status="PASS">
          <reporter-output>
          </reporter-output>
        </test-method> <!-- add_to_bag -->
        <test-method is-config="true" signature="aftermethod()[pri:0, instance:TestNg.Myntratest@6f10d5b6]" started-at="2025-03-17T11:27:39 IST" name="aftermethod" finished-at="2025-03-17T11:27:39 IST" duration-ms="1" status="PASS">
          <reporter-output>
          </reporter-output>
        </test-method> <!-- aftermethod -->
        <test-method is-config="true" signature="afterClass()[pri:0, instance:TestNg.Myntratest@6f10d5b6]" started-at="2025-03-17T11:27:39 IST" name="afterClass" finished-at="2025-03-17T11:27:39 IST" duration-ms="2" status="PASS">
          <reporter-output>
          </reporter-output>
        </test-method> <!-- afterClass -->
      </class> <!-- TestNg.Myntratest -->
    </test> <!-- Default test -->
  </suite> <!-- Default suite -->
</testng-results>
