<?xml version="1.0" encoding="UTF-8"?>
<testng-results ignored="0" total="4" passed="4" failed="0" skipped="0">
  <reporter-output>
  </reporter-output>
  <suite started-at="2025-03-16T16:28:57 IST" name="Default suite" finished-at="2025-03-16T16:29:32 IST" duration-ms="35213">
    <groups>
    </groups>
    <test started-at="2025-03-16T16:28:57 IST" name="Default test" finished-at="2025-03-16T16:29:32 IST" duration-ms="35213">
      <class name="TestNg.Myntratest">
        <test-method is-config="true" signature="launchBrowser()[pri:0, instance:TestNg.Myntratest@8462f31]" started-at="2025-03-16T16:28:57 IST" name="launchBrowser" finished-at="2025-03-16T16:29:00 IST" duration-ms="3834" status="PASS">
          <reporter-output>
          </reporter-output>
        </test-method> <!-- launchBrowser -->
        <test-method is-config="true" signature="beforemethod()[pri:0, instance:TestNg.Myntratest@8462f31]" started-at="2025-03-16T16:29:01 IST" name="beforemethod" finished-at="2025-03-16T16:29:01 IST" duration-ms="1" status="PASS">
          <reporter-output>
          </reporter-output>
        </test-method> <!-- beforemethod -->
        <test-method signature="searchMyntra()[pri:0, instance:TestNg.Myntratest@8462f31]" started-at="2025-03-16T16:29:01 IST" name="searchMyntra" finished-at="2025-03-16T16:29:24 IST" duration-ms="23836" status="PASS">
          <reporter-output>
          </reporter-output>
        </test-method> <!-- searchMyntra -->
        <test-method is-config="true" signature="aftermethod()[pri:0, instance:TestNg.Myntratest@8462f31]" started-at="2025-03-16T16:29:24 IST" name="aftermethod" finished-at="2025-03-16T16:29:24 IST" duration-ms="2" status="PASS">
          <reporter-output>
          </reporter-output>
        </test-method> <!-- aftermethod -->
        <test-method is-config="true" signature="beforemethod()[pri:0, instance:TestNg.Myntratest@8462f31]" started-at="2025-03-16T16:29:24 IST" name="beforemethod" finished-at="2025-03-16T16:29:24 IST" duration-ms="3" status="PASS">
          <reporter-output>
          </reporter-output>
        </test-method> <!-- beforemethod -->
        <test-method signature="men()[pri:1, instance:TestNg.Myntratest@8462f31]" started-at="2025-03-16T16:29:24 IST" name="men" finished-at="2025-03-16T16:29:27 IST" duration-ms="2374" status="PASS">
          <reporter-output>
          </reporter-output>
        </test-method> <!-- men -->
        <test-method is-config="true" signature="aftermethod()[pri:0, instance:TestNg.Myntratest@8462f31]" started-at="2025-03-16T16:29:27 IST" name="aftermethod" finished-at="2025-03-16T16:29:27 IST" duration-ms="20" status="PASS">
          <reporter-output>
          </reporter-output>
        </test-method> <!-- aftermethod -->
        <test-method is-config="true" signature="beforemethod()[pri:0, instance:TestNg.Myntratest@8462f31]" started-at="2025-03-16T16:29:27 IST" name="beforemethod" finished-at="2025-03-16T16:29:27 IST" duration-ms="2" status="PASS">
          <reporter-output>
          </reporter-output>
        </test-method> <!-- beforemethod -->
        <test-method signature="searchTshirts()[pri:2, instance:TestNg.Myntratest@8462f31]" started-at="2025-03-16T16:29:27 IST" name="searchTshirts" finished-at="2025-03-16T16:29:32 IST" duration-ms="4748" status="PASS">
          <reporter-output>
          </reporter-output>
        </test-method> <!-- searchTshirts -->
        <test-method is-config="true" signature="aftermethod()[pri:0, instance:TestNg.Myntratest@8462f31]" started-at="2025-03-16T16:29:32 IST" name="aftermethod" finished-at="2025-03-16T16:29:32 IST" duration-ms="1" status="PASS">
          <reporter-output>
          </reporter-output>
        </test-method> <!-- aftermethod -->
        <test-method is-config="true" signature="beforemethod()[pri:0, instance:TestNg.Myntratest@8462f31]" started-at="2025-03-16T16:29:32 IST" name="beforemethod" finished-at="2025-03-16T16:29:32 IST" duration-ms="5" status="PASS">
          <reporter-output>
          </reporter-output>
        </test-method> <!-- beforemethod -->
        <test-method signature="chooseProduct()[pri:3, instance:TestNg.Myntratest@8462f31]" started-at="2025-03-16T16:29:32 IST" name="chooseProduct" finished-at="2025-03-16T16:29:32 IST" duration-ms="178" status="PASS">
          <reporter-output>
          </reporter-output>
        </test-method> <!-- chooseProduct -->
        <test-method is-config="true" signature="aftermethod()[pri:0, instance:TestNg.Myntratest@8462f31]" started-at="2025-03-16T16:29:32 IST" name="aftermethod" finished-at="2025-03-16T16:29:32 IST" duration-ms="3" status="PASS">
          <reporter-output>
          </reporter-output>
        </test-method> <!-- aftermethod -->
        <test-method is-config="true" signature="afterClass()[pri:0, instance:TestNg.Myntratest@8462f31]" started-at="2025-03-16T16:29:32 IST" name="afterClass" finished-at="2025-03-16T16:29:32 IST" duration-ms="4" status="PASS">
          <reporter-output>
          </reporter-output>
        </test-method> <!-- afterClass -->
      </class> <!-- TestNg.Myntratest -->
    </test> <!-- Default test -->
  </suite> <!-- Default suite -->
</testng-results>
